<?xml version="1.0" encoding="UTF-8"?>
<!-- Generated by org.testng.reporters.JUnitReportReporter -->
<testsuite hostname="Rahuls-MacBook-Air.local" failures="0" tests="1" name="Collinson.Collinson.VendingTest" time="41.167" errors="0" timestamp="2021-07-03T13:02:29 BST" skipped="0">
  <testcase classname="Collinson.Collinson.VendingTest" name="testVendingMachine" time="41.167"/>
  <system-out/>
</testsuite> <!-- Collinson.Collinson.VendingTest -->
